d:\projects\lasagna_lang\lasagna_lang\x64\release\vc145.pdb
d:\projects\lasagna_lang\lasagna_lang\x64\release\lasagna_lang.obj
d:\projects\lasagna_lang\lasagna_lang\x64\release\lexer.obj
d:\projects\lasagna_lang\lasagna_lang\x64\release\parser.obj
d:\projects\lasagna_lang\lasagna_lang\x64\release\ast.obj
d:\projects\lasagna_lang\lasagna_lang\x64\release\gen.obj
d:\projects\lasagna_lang\x64\release\las_compiler.exe
d:\projects\lasagna_lang\x64\release\las_compiler.pdb
d:\projects\lasagna_lang\lasagna_lang\x64\release\las_compiler.ipdb
d:\projects\lasagna_lang\lasagna_lang\x64\release\las_compiler.iobj
d:\projects\lasagna_lang\lasagna_lang\x64\release\emitter.obj
d:\projects\lasagna_lang\lasagna_lang\x64\release\lasagna_lang.ipdb
d:\projects\lasagna_lang\lasagna_lang\x64\release\lasagna_lang.iobj
d:\projects\lasagna_lang\lasagna_lang\x64\release\lasagna_lang.tlog\cl.command.1.tlog
d:\projects\lasagna_lang\lasagna_lang\x64\release\lasagna_lang.tlog\cl.items.tlog
d:\projects\lasagna_lang\lasagna_lang\x64\release\lasagna_lang.tlog\cl.read.1.tlog
d:\projects\lasagna_lang\lasagna_lang\x64\release\lasagna_lang.tlog\cl.write.1.tlog
d:\projects\lasagna_lang\lasagna_lang\x64\release\lasagna_lang.tlog\link.command.1.tlog
d:\projects\lasagna_lang\lasagna_lang\x64\release\lasagna_lang.tlog\link.read.1.tlog
d:\projects\lasagna_lang\lasagna_lang\x64\release\lasagna_lang.tlog\link.secondary.1.tlog
d:\projects\lasagna_lang\lasagna_lang\x64\release\lasagna_lang.tlog\link.write.1.tlog
